<?xml version="1.0" encoding="UTF-8"?>
<testng-results skipped="0" failed="0" ignored="0" total="1" passed="1">
  <reporter-output>
  </reporter-output>
  <suite name="Default suite" duration-ms="30" started-at="2019-04-30T04:02:51Z" finished-at="2019-04-30T04:02:51Z">
    <groups>
    </groups>
    <test name="Default test" duration-ms="30" started-at="2019-04-30T04:02:51Z" finished-at="2019-04-30T04:02:51Z">
      <class name="com.demo.day13.TestDemo">
        <test-method status="PASS" signature="testDemo()[pri:0, instance:com.demo.day13.TestDemo@4f758781]" name="testDemo" duration-ms="9" started-at="2019-04-30T04:02:51Z" finished-at="2019-04-30T04:02:51Z">
          <reporter-output>
          </reporter-output>
        </test-method> <!-- testDemo -->
      </class> <!-- com.demo.day13.TestDemo -->
    </test> <!-- Default test -->
  </suite> <!-- Default suite -->
</testng-results>
